{
  "RSpec": {
    "coverage": {
      "/home/framgia/Documents/ruby/projects/blog/spec/controllers/questions_controller_spec.rb": [
        1,
        null,
        1,
        3,
        1,
        null,
        1,
        9,
        9,
        null,
        null,
        1,
        1,
        1,
        3,
        null,
        2,
        2,
        null,
        null,
        null,
        1,
        1,
        1,
        1,
        null,
        null,
        1,
        1,
        1,
        null,
        null,
        null,
        1,
        1,
        1,
        1,
        null,
        null,
        1,
        1,
        1,
        null,
        null,
        1,
        1,
        1,
        null,
        null,
        null,
        1,
        1,
        1,
        1,
        null,
        null,
        1,
        1,
        1,
        null,
        null,
        null
      ],
      "/home/framgia/Documents/ruby/projects/blog/spec/rails_helper.rb": [
        null,
        1,
        1,
        null,
        1,
        1,
        1,
        1,
        null,
        null,
        null,
        null,
        null,
        null,
        null,
        null,
        null,
        null,
        null,
        null,
        null,
        null,
        null,
        3,
        null,
        null,
        null,
        1,
        null,
        1,
        null,
        1,
        1,
        1,
        1,
        1,
        null,
        null,
        null,
        null,
        null,
        null,
        null,
        null,
        null,
        null,
        1,
        null,
        null,
        null,
        null,
        null,
        null,
        null,
        null,
        null,
        null,
        null,
        null,
        null,
        null,
        1,
        null,
        null,
        1,
        null,
        null,
        null
      ],
      "/home/framgia/Documents/ruby/projects/blog/config/environment.rb": [
        null,
        1,
        null,
        null,
        1
      ],
      "/home/framgia/Documents/ruby/projects/blog/config/application.rb": [
        1,
        null,
        1,
        null,
        null,
        null,
        1,
        null,
        1,
        1,
        null,
        null,
        null,
        null,
        1,
        1,
        1,
        null,
        null,
        null
      ],
      "/home/framgia/Documents/ruby/projects/blog/config/boot.rb": [
        1,
        null,
        1
      ],
      "/home/framgia/Documents/ruby/projects/blog/config/initializers/config.rb": [
        1,
        null,
        0,
        null,
        null,
        null,
        null,
        null,
        null,
        null,
        null,
        null,
        null,
        null,
        null,
        null,
        null,
        null,
        null,
        null,
        null,
        null,
        null,
        null,
        null,
        null,
        null,
        null,
        null,
        null,
        null,
        null,
        null,
        null,
        null,
        null
      ],
      "/home/framgia/Documents/ruby/projects/blog/config/environments/test.rb": [
        1,
        null,
        null,
        null,
        null,
        null,
        null,
        1,
        null,
        null,
        null,
        null,
        1,
        null,
        null,
        1,
        1,
        null,
        null,
        null,
        null,
        1,
        1,
        null,
        null,
        1,
        null,
        null,
        1,
        1,
        null,
        null,
        null,
        null,
        1,
        null,
        null,
        1,
        null,
        null,
        null,
        null
      ],
      "/home/framgia/Documents/ruby/projects/blog/config/initializers/application_controller_renderer.rb": [
        null,
        null,
        null,
        null,
        null,
        null
      ],
      "/home/framgia/Documents/ruby/projects/blog/config/initializers/assets.rb": [
        null,
        null,
        null,
        1,
        null,
        null,
        null,
        null,
        1,
        1,
        1,
        1,
        1,
        null,
        null,
        null,
        null
      ],
      "/home/framgia/Documents/ruby/projects/blog/config/initializers/backtrace_silencers.rb": [
        null,
        null,
        null,
        null,
        null,
        null,
        null
      ],
      "/home/framgia/Documents/ruby/projects/blog/config/initializers/ckeditor.rb": [
        null,
        1,
        null,
        null,
        null,
        null,
        1,
        null,
        null,
        null,
        null,
        null,
        null,
        null,
        null,
        null,
        null,
        null,
        null,
        null,
        null,
        null,
        null,
        null,
        null,
        null,
        null,
        null,
        null,
        null,
        null,
        null,
        null,
        null,
        null,
        null,
        null,
        null,
        null,
        null,
        null,
        null,
        null,
        null,
        null,
        null,
        null,
        null,
        null,
        null,
        null,
        null,
        null,
        null,
        null,
        null,
        null,
        null
      ],
      "/home/framgia/Documents/ruby/projects/blog/config/initializers/cookies_serializer.rb": [
        null,
        null,
        null,
        null,
        1
      ],
      "/home/framgia/Documents/ruby/projects/blog/config/initializers/devise.rb": [
        null,
        null,
        1,
        null,
        null,
        null,
        null,
        null,
        null,
        null,
        null,
        null,
        null,
        null,
        1,
        null,
        null,
        null,
        null,
        null,
        null,
        null,
        null,
        null,
        null,
        null,
        1,
        null,
        null,
        null,
        null,
        null,
        null,
        null,
        null,
        null,
        null,
        null,
        null,
        null,
        null,
        null,
        null,
        null,
        null,
        null,
        null,
        null,
        1,
        null,
        null,
        null,
        null,
        1,
        null,
        null,
        null,
        null,
        null,
        null,
        null,
        null,
        null,
        null,
        null,
        null,
        null,
        null,
        null,
        null,
        null,
        null,
        null,
        null,
        null,
        null,
        null,
        null,
        null,
        null,
        null,
        null,
        null,
        null,
        1,
        null,
        null,
        null,
        null,
        null,
        null,
        null,
        null,
        null,
        null,
        null,
        null,
        null,
        null,
        null,
        null,
        null,
        null,
        null,
        null,
        null,
        null,
        1,
        null,
        null,
        null,
        null,
        null,
        null,
        null,
        null,
        null,
        null,
        null,
        null,
        null,
        null,
        null,
        null,
        null,
        null,
        null,
        null,
        null,
        null,
        null,
        null,
        null,
        null,
        null,
        1,
        null,
        null,
        null,
        null,
        null,
        null,
        null,
        null,
        null,
        1,
        null,
        null,
        null,
        null,
        null,
        null,
        null,
        null,
        null,
        null,
        1,
        null,
        null,
        null,
        null,
        1,
        null,
        null,
        null,
        null,
        null,
        null,
        null,
        null,
        null,
        null,
        null,
        null,
        null,
        null,
        null,
        null,
        null,
        null,
        null,
        null,
        null,
        null,
        null,
        null,
        null,
        null,
        null,
        null,
        null,
        null,
        null,
        null,
        null,
        null,
        null,
        null,
        null,
        null,
        null,
        null,
        1,
        null,
        null,
        null,
        null,
        null,
        null,
        null,
        null,
        null,
        null,
        null,
        null,
        null,
        null,
        null,
        null,
        null,
        null,
        null,
        null,
        null,
        null,
        null,
        null,
        null,
        null,
        null,
        null,
        null,
        null,
        null,
        null,
        null,
        null,
        null,
        null,
        null,
        null,
        null,
        null,
        null,
        1,
        null,
        null,
        null,
        null,
        null,
        null,
        1,
        null,
        null,
        null,
        null,
        null,
        null,
        null,
        null,
        null,
        null,
        null,
        null,
        null,
        null,
        null,
        null,
        null,
        null,
        null,
        null,
        null,
        null,
        null,
        null,
        null,
        null,
        null
      ],
      "/home/framgia/Documents/ruby/projects/blog/config/initializers/filter_parameter_logging.rb": [
        null,
        null,
        null,
        1
      ],
      "/home/framgia/Documents/ruby/projects/blog/config/initializers/friendly_id.rb": [
        null,
        null,
        null,
        null,
        null,
        null,
        null,
        null,
        null,
        null,
        null,
        1,
        null,
        null,
        null,
        null,
        3,
        null,
        3,
        null,
        null,
        null,
        null,
        null,
        null,
        null,
        null,
        null,
        null,
        null,
        null,
        null,
        null,
        null,
        null,
        null,
        null,
        null,
        null,
        null,
        null,
        null,
        null,
        null,
        null,
        null,
        null,
        null,
        null,
        null,
        null,
        null,
        null,
        null,
        null,
        null,
        null,
        null,
        null,
        null,
        null,
        null,
        null,
        null,
        null,
        null,
        null,
        null,
        null,
        null,
        null,
        null,
        null,
        null,
        null,
        null,
        null,
        null,
        null,
        null,
        null,
        null,
        null,
        null,
        null,
        null,
        null,
        null
      ],
      "/home/framgia/Documents/ruby/projects/blog/config/initializers/inflections.rb": [
        null,
        null,
        null,
        null,
        null,
        null,
        null,
        null,
        null,
        null,
        null,
        null,
        null,
        null,
        null,
        null
      ],
      "/home/framgia/Documents/ruby/projects/blog/config/initializers/kaminari_config.rb": [
        1,
        null,
        null,
        null,
        null,
        null,
        null,
        null,
        null,
        null
      ],
      "/home/framgia/Documents/ruby/projects/blog/config/initializers/mime_types.rb": [
        null,
        null,
        null,
        null
      ],
      "/home/framgia/Documents/ruby/projects/blog/config/initializers/new_framework_defaults.rb": [
        null,
        null,
        null,
        null,
        null,
        null,
        null,
        1,
        null,
        null,
        1,
        null,
        null,
        null,
        1,
        null,
        null,
        1,
        null,
        null,
        1,
        null,
        null,
        1
      ],
      "/home/framgia/Documents/ruby/projects/blog/config/initializers/session_store.rb": [
        null,
        null,
        1
      ],
      "/home/framgia/Documents/ruby/projects/blog/config/initializers/simple_form.rb": [
        null,
        1,
        null,
        null,
        null,
        null,
        null,
        1,
        null,
        null,
        null,
        null,
        null,
        null,
        null,
        null,
        null,
        1,
        null,
        null,
        null,
        1,
        null,
        null,
        null,
        null,
        null,
        null,
        null,
        null,
        null,
        1,
        null,
        null,
        1,
        null,
        null,
        1,
        null,
        null,
        1,
        null,
        null,
        1,
        null,
        null,
        1,
        1,
        1,
        null,
        null,
        null,
        null,
        null,
        null,
        null,
        null,
        null,
        1,
        null,
        null,
        null,
        null,
        null,
        1,
        null,
        null,
        1,
        null,
        null,
        null,
        null,
        null,
        null,
        null,
        1,
        null,
        null,
        1,
        null,
        null,
        null,
        null,
        null,
        null,
        null,
        null,
        null,
        null,
        null,
        null,
        null,
        null,
        null,
        null,
        null,
        null,
        null,
        null,
        null,
        null,
        null,
        null,
        null,
        null,
        null,
        null,
        null,
        null,
        null,
        null,
        null,
        null,
        null,
        null,
        null,
        null,
        null,
        null,
        null,
        null,
        null,
        null,
        1,
        null,
        null,
        null,
        null,
        null,
        null,
        null,
        null,
        null,
        null,
        null,
        null,
        null,
        null,
        null,
        null,
        null,
        null,
        null,
        null,
        null,
        null,
        null,
        null,
        null,
        null,
        null,
        null,
        null,
        null,
        null,
        null,
        null,
        null,
        null,
        null,
        1,
        null,
        null,
        null,
        null,
        null,
        null,
        null,
        null
      ],
      "/home/framgia/Documents/ruby/projects/blog/config/initializers/simple_form_bootstrap.rb": [
        null,
        1,
        1,
        1,
        1,
        null,
        1,
        1,
        1,
        1,
        1,
        1,
        1,
        1,
        1,
        null,
        1,
        1,
        1,
        null,
        null,
        1,
        1,
        1,
        1,
        1,
        1,
        1,
        null,
        1,
        1,
        1,
        null,
        null,
        1,
        1,
        1,
        null,
        1,
        1,
        null,
        null,
        1,
        1,
        null,
        null,
        1,
        1,
        1,
        1,
        1,
        1,
        1,
        null,
        null,
        1,
        1,
        1,
        1,
        1,
        1,
        1,
        1,
        1,
        null,
        1,
        1,
        1,
        1,
        null,
        null,
        null,
        1,
        1,
        1,
        1,
        1,
        1,
        1,
        null,
        1,
        1,
        1,
        1,
        null,
        null,
        null,
        1,
        1,
        1,
        null,
        1,
        1,
        1,
        null,
        null,
        1,
        1,
        null,
        null,
        null,
        1,
        1,
        1,
        null,
        1,
        null,
        1,
        1,
        1,
        1,
        null,
        null,
        null,
        1,
        1,
        1,
        1,
        1,
        1,
        1,
        1,
        1,
        null,
        1,
        1,
        1,
        null,
        null,
        1,
        1,
        1,
        1,
        1,
        1,
        1,
        1,
        null,
        null,
        null,
        null,
        null,
        null,
        1,
        1,
        null,
        null,
        null,
        null,
        null,
        null,
        null,
        null,
        null
      ],
      "/home/framgia/Documents/ruby/projects/blog/config/initializers/social_share_button.rb": [
        1,
        1,
        null
      ],
      "/home/framgia/Documents/ruby/projects/blog/config/initializers/wrap_parameters.rb": [
        null,
        null,
        null,
        null,
        null,
        null,
        1,
        2,
        null,
        null,
        null,
        null,
        null,
        null
      ],
      "/home/framgia/Documents/ruby/projects/blog/app/helpers/application_helper.rb": [
        1,
        1,
        0,
        null,
        null
      ],
      "/home/framgia/Documents/ruby/projects/blog/app/helpers/home_controller_helper.rb": [
        1,
        1,
        0,
        null,
        null
      ],
      "/home/framgia/Documents/ruby/projects/blog/app/helpers/status_helper.rb": [
        1,
        1,
        1,
        null
      ],
      "/home/framgia/Documents/ruby/projects/blog/spec/factories/action.rb": [
        1,
        1,
        1,
        2,
        2,
        null,
        null,
        4,
        4,
        4,
        4,
        null,
        null
      ],
      "/home/framgia/Documents/ruby/projects/blog/app/models/action.rb": [
        1,
        null,
        1,
        null,
        1,
        1,
        1,
        null,
        1,
        null,
        null,
        1,
        null,
        5,
        null,
        5,
        null,
        5,
        null,
        1,
        null,
        5,
        null,
        1,
        null,
        1,
        0,
        null,
        null,
        null,
        1,
        0,
        null,
        null,
        null,
        1,
        4,
        null,
        null,
        null,
        null,
        1,
        4,
        null,
        null,
        null,
        null,
        1,
        0,
        null,
        null,
        null,
        null,
        1,
        0,
        null,
        null,
        null,
        null,
        1,
        null,
        null,
        null,
        0,
        null,
        null,
        1,
        null,
        null,
        null,
        0,
        null,
        null,
        1,
        0,
        0,
        0,
        0,
        0,
        0,
        null,
        null,
        null,
        null,
        1,
        0,
        0,
        0,
        0,
        0,
        0,
        null,
        0,
        0,
        0,
        0,
        null,
        null,
        null,
        null,
        1,
        0,
        0,
        0,
        0,
        null,
        0,
        0,
        0,
        0,
        null,
        null,
        null,
        null,
        1,
        0,
        null,
        0,
        null,
        0,
        0,
        null,
        0,
        0,
        null,
        null,
        null,
        null,
        null,
        0,
        0,
        null,
        0,
        null,
        null,
        null,
        null
      ],
      "/home/framgia/Documents/ruby/projects/blog/app/models/application_record.rb": [
        1,
        1,
        null
      ],
      "/home/framgia/Documents/ruby/projects/blog/spec/factories/answer.rb": [
        1,
        1,
        1,
        10,
        10,
        null,
        11,
        11,
        11,
        null,
        null
      ],
      "/home/framgia/Documents/ruby/projects/blog/app/models/answer.rb": [
        1,
        null,
        1,
        null,
        1,
        null,
        1,
        1,
        1,
        null,
        1,
        null,
        1,
        1,
        null,
        1,
        0,
        null,
        null
      ],
      "/home/framgia/Documents/ruby/projects/blog/spec/factories/question.rb": [
        1,
        0,
        0,
        0,
        0,
        null,
        0,
        0,
        0,
        0,
        null,
        null,
        1,
        1,
        1,
        1,
        null,
        null,
        8,
        8,
        8,
        8,
        null,
        null,
        1,
        1,
        0,
        null,
        null,
        4,
        4,
        4,
        4,
        null,
        null
      ],
      "/home/framgia/Documents/ruby/projects/blog/app/models/question.rb": [
        1,
        null,
        1,
        null,
        1,
        1,
        null,
        1,
        null,
        1,
        null,
        1,
        1,
        null,
        1,
        null,
        1,
        1,
        1,
        null,
        1,
        1,
        null,
        1,
        null,
        1,
        null,
        1,
        null,
        1,
        null,
        null,
        null,
        0,
        null,
        null,
        1,
        0,
        null,
        null,
        null,
        null,
        null,
        null,
        null,
        null,
        0,
        0,
        null,
        0,
        null,
        null,
        1,
        0,
        null,
        0,
        null,
        null,
        1,
        0,
        null,
        0,
        0,
        null,
        null,
        null,
        null,
        null,
        1,
        5,
        5,
        5,
        5,
        4,
        null,
        1,
        null,
        null,
        0,
        null,
        null,
        null,
        1,
        4,
        4,
        0,
        0,
        null,
        4,
        null,
        null
      ],
      "/home/framgia/Documents/ruby/projects/blog/spec/factories/topic.rb": [
        1,
        1,
        1,
        1,
        1,
        null,
        null,
        1,
        1,
        1,
        1,
        null,
        null
      ],
      "/home/framgia/Documents/ruby/projects/blog/app/models/topic.rb": [
        1,
        1,
        1,
        null,
        1,
        null,
        1,
        1,
        1,
        null,
        1,
        null,
        1,
        1,
        null,
        1,
        0,
        null,
        null,
        null,
        1,
        0,
        null,
        0,
        null,
        null,
        1,
        0,
        null,
        null,
        1,
        0,
        0,
        0,
        0,
        0,
        null,
        0,
        null,
        null,
        0,
        null,
        null,
        null
      ],
      "/home/framgia/Documents/ruby/projects/blog/app/uploaders/icon_topic_uploader.rb": [
        1,
        null,
        null,
        null,
        null,
        null,
        null,
        1,
        null,
        null,
        null,
        null,
        1,
        4,
        null,
        null,
        null,
        1,
        null,
        null,
        null,
        0,
        null,
        null,
        null,
        null,
        null,
        null,
        null,
        null,
        null,
        null,
        null,
        null,
        null,
        null,
        null,
        null,
        null,
        null,
        null,
        null,
        null,
        null,
        null,
        null,
        null,
        null,
        null
      ],
      "/home/framgia/Documents/ruby/projects/blog/spec/factories/user.rb": [
        1,
        1,
        15,
        15,
        15,
        15,
        15,
        15,
        15,
        null,
        null,
        1,
        1,
        1,
        1,
        1,
        1,
        1,
        1,
        null,
        null
      ],
      "/home/framgia/Documents/ruby/projects/blog/app/models/user.rb": [
        1,
        null,
        null,
        1,
        null,
        null,
        null,
        1,
        null,
        1,
        1,
        1,
        1,
        null,
        1,
        1,
        1,
        1,
        null,
        1,
        1,
        null,
        1,
        1,
        1,
        1,
        1,
        null,
        null,
        1,
        null,
        1,
        0,
        null,
        0,
        null,
        null,
        1,
        0,
        null,
        0,
        null,
        null,
        1,
        4,
        4,
        null,
        null,
        1,
        4,
        4,
        null,
        null,
        1,
        0,
        0,
        null,
        null,
        1,
        0,
        0,
        null,
        null,
        1,
        0,
        null,
        null,
        null,
        null,
        1,
        0,
        0,
        0,
        0,
        0,
        0,
        0,
        0,
        0,
        0,
        0,
        0,
        null,
        0,
        null,
        null,
        null,
        1,
        null,
        1,
        28,
        null,
        null,
        null
      ],
      "/home/framgia/Documents/ruby/projects/blog/app/uploaders/avatar_uploader.rb": [
        1,
        null,
        null,
        null,
        null,
        null,
        null,
        1,
        null,
        null,
        null,
        null,
        1,
        0,
        null,
        null,
        null,
        1,
        null,
        null,
        null,
        0,
        null,
        null,
        null,
        null,
        null,
        null,
        null,
        null,
        null,
        null,
        null,
        null,
        null,
        null,
        null,
        null,
        1,
        0,
        null,
        null,
        null,
        null,
        null,
        null,
        null,
        null,
        null
      ],
      "/home/framgia/Documents/ruby/projects/blog/config/routes.rb": [
        1,
        1,
        1,
        null,
        null,
        null,
        1,
        null,
        1,
        1,
        null,
        null,
        1,
        1,
        null,
        null,
        1,
        1,
        null,
        null,
        1,
        1,
        null,
        null,
        1,
        null,
        1,
        1,
        null,
        null,
        1,
        1,
        1,
        1,
        1,
        null,
        null
      ],
      "/home/framgia/Documents/ruby/projects/blog/spec/support/api_schema_matcher.rb": [
        1,
        1,
        1,
        1,
        1,
        null,
        null
      ],
      "/home/framgia/Documents/ruby/projects/blog/app/controllers/questions_controller.rb": [
        1,
        1,
        1,
        1,
        null,
        1,
        2,
        2,
        null,
        null,
        1,
        2,
        2,
        6,
        2,
        null,
        2,
        null,
        2,
        null,
        null,
        1,
        5,
        null,
        null,
        5,
        1,
        1,
        null,
        null,
        5,
        5,
        5,
        5,
        null,
        null,
        1,
        0,
        0,
        null,
        0,
        0,
        0,
        null,
        null,
        0,
        0,
        null,
        null,
        null,
        1,
        0,
        0,
        0,
        0,
        0,
        0,
        null,
        0,
        null,
        0,
        null,
        null,
        null,
        0,
        0,
        0,
        null,
        0,
        0,
        0,
        0,
        null,
        null,
        null,
        1,
        null,
        1,
        0,
        null,
        0,
        0,
        null,
        0,
        0,
        0,
        null,
        0,
        null,
        null,
        0,
        0,
        null,
        0,
        null,
        0,
        0,
        null,
        0,
        null,
        null,
        null,
        0,
        null,
        null,
        1,
        0,
        null,
        0,
        0,
        null,
        0,
        0,
        null,
        0,
        0,
        null,
        0,
        null,
        null,
        0,
        0,
        null,
        0,
        null,
        0,
        0,
        null,
        0,
        null,
        null,
        null,
        0,
        null,
        null,
        1,
        2,
        null,
        null,
        1,
        0,
        null,
        null,
        1,
        0,
        null,
        null,
        null
      ],
      "/home/framgia/Documents/ruby/projects/blog/app/controllers/application_controller.rb": [
        1,
        1,
        null,
        1,
        0,
        null,
        null,
        1,
        0,
        null,
        null
      ],
      "/home/framgia/Documents/ruby/projects/blog/spec/controllers/votes_controller_spec.rb": [
        1,
        null,
        1,
        null,
        1,
        7,
        1,
        2,
        1,
        null,
        1,
        6,
        5,
        5,
        null,
        null,
        null,
        1,
        1,
        5,
        null,
        null,
        null,
        null,
        2,
        null,
        2,
        null,
        1,
        1,
        null,
        null,
        1,
        1,
        null,
        null,
        null,
        1,
        null,
        null,
        null,
        null,
        null,
        1,
        1,
        1,
        null,
        null,
        null,
        null,
        null,
        1,
        1,
        1,
        null,
        null,
        null,
        null,
        null,
        null,
        null,
        null
      ],
      "/home/framgia/Documents/ruby/projects/blog/app/controllers/votes_controller.rb": [
        1,
        1,
        null,
        1,
        null,
        null,
        1,
        5,
        0,
        0,
        null,
        0,
        null,
        null,
        5,
        0,
        null,
        5,
        null,
        null,
        5,
        null,
        null,
        1,
        null,
        1,
        4,
        0,
        null,
        4,
        null,
        4,
        null,
        4,
        4,
        null,
        null,
        1,
        5,
        5,
        1,
        null,
        4,
        4,
        4,
        null,
        0,
        null,
        null,
        null,
        5,
        null,
        null,
        1,
        0,
        0,
        null,
        0,
        null,
        0,
        0,
        null,
        0,
        0,
        null,
        null,
        1,
        0,
        0,
        0,
        null,
        0,
        0,
        0,
        null,
        0,
        null,
        null,
        null,
        0,
        null,
        null,
        1,
        0,
        0,
        0,
        0,
        null,
        null,
        1,
        0,
        0,
        0,
        0,
        0,
        null,
        0,
        null,
        null,
        null,
        0,
        null,
        0,
        null,
        null,
        1,
        0,
        null,
        0,
        0,
        null,
        null,
        1,
        0,
        0,
        0,
        0,
        0,
        null,
        0,
        null,
        null,
        null,
        0,
        null,
        0,
        null,
        null,
        1,
        null,
        0,
        null,
        null,
        1,
        null,
        4,
        null,
        null,
        1,
        null,
        0,
        null,
        null
      ],
      "/home/framgia/Documents/ruby/projects/blog/spec/models/action_spec.rb": [
        1,
        null,
        1,
        1,
        3,
        3,
        2,
        2,
        null,
        null,
        1,
        2,
        null,
        null
      ],
      "/home/framgia/Documents/ruby/projects/blog/spec/models/answer_spec.rb": [
        1,
        null,
        1,
        1,
        5,
        5,
        2,
        2,
        2,
        2,
        null,
        null
      ],
      "/home/framgia/Documents/ruby/projects/blog/spec/models/question_spec.rb": [
        1,
        null,
        1,
        1,
        2,
        2,
        2,
        2,
        2,
        null,
        null,
        1,
        4,
        4,
        2,
        2,
        2,
        null,
        null,
        null,
        1,
        4,
        1,
        null,
        1,
        1,
        null,
        null,
        1,
        1,
        1,
        null,
        null,
        1,
        1,
        1,
        null,
        null,
        null,
        null,
        1,
        2,
        1,
        2,
        null,
        null
      ],
      "/home/framgia/Documents/ruby/projects/blog/app/models/ability.rb": [
        1,
        1,
        null,
        1,
        9,
        9,
        0,
        0,
        0,
        9,
        0,
        9,
        9,
        9,
        9,
        9,
        0,
        null,
        0,
        0,
        0,
        0,
        0,
        0,
        null,
        null,
        null,
        null
      ],
      "/home/framgia/Documents/ruby/projects/blog/app/models/comment.rb": [
        1,
        null,
        1,
        null,
        1,
        1,
        1,
        null,
        1,
        null,
        1,
        1,
        1,
        1,
        null,
        1,
        null,
        1,
        0,
        0,
        0,
        0,
        null,
        null,
        null,
        1,
        null,
        1,
        0,
        0,
        null,
        null,
        null
      ],
      "/home/framgia/Documents/ruby/projects/blog/app/models/question_topic.rb": [
        1,
        1,
        1,
        null
      ],
      "/home/framgia/Documents/ruby/projects/blog/app/models/verque.rb": [
        1,
        1,
        1,
        null,
        1,
        null,
        1,
        null,
        1,
        null,
        1,
        null,
        1,
        1,
        null,
        4,
        null,
        null,
        1,
        0,
        null,
        null,
        1,
        0,
        0,
        null,
        null,
        null
      ]
    },
    "timestamp": 1487821847
  },
  "Unit Tests": {
    "coverage": {
    },
    "timestamp": 1487731122
  }
}
